#
# There is insufficient memory for the Java Runtime Environment to continue.
# Native memory allocation (malloc) failed to allocate 459728 bytes for Chunk::new
# Possible reasons:
#   The system is out of physical RAM or swap space
#   The process is running with CompressedOops enabled, and the Java Heap may be blocking the growth of the native heap
# Possible solutions:
#   Reduce memory load on the system
#   Increase physical memory or swap space
#   Check if swap backing store is full
#   Decrease Java heap size (-Xmx/-Xms)
#   Decrease number of Java threads
#   Decrease Java thread stack sizes (-Xss)
#   Set larger code cache with -XX:ReservedCodeCacheSize=
#   JVM is running with Unscaled Compressed Oops mode in which the Java heap is
#     placed in the first 4GB address space. The Java Heap base address is the
#     maximum limit for the native heap growth. Please use -XX:HeapBaseMinAddress
#     to set the Java Heap base and to place the Java Heap above 4GB virtual address.
# This output file may be truncated or incomplete.
#
#  Out of Memory Error (arena.cpp:189), pid=8900, tid=6356
#
# JRE version: Java(TM) SE Runtime Environment (17.0.12+8) (build 17.0.12+8-LTS-286)
# Java VM: Java HotSpot(TM) 64-Bit Server VM (17.0.12+8-LTS-286, mixed mode, sharing, tiered, compressed oops, compressed class ptrs, g1 gc, windows-amd64)
# No core dump will be written. Minidumps are not enabled by default on client versions of Windows
#

---------------  S U M M A R Y ------------

Command Line: -Dmaven.home=EMBEDDED -Dclassworlds.conf=C:\Users\tusharshindetms\eclipse-workspace\.metadata\.plugins\org.eclipse.m2e.launching\launches\m2conf17364500637227801132.tmp -Dmaven.multiModuleProjectDirectory=C:\Users\tusharshindetms\Downloads\synechron_pune_microservice1-master\synechron_pune_microservice1-master\syneproducer -Dm2e.build.project.data.socket.port=54621 -Dfile.encoding=UTF-8 -Dstdout.encoding=UTF-8 -Dstderr.encoding=UTF-8 -XX:+ShowCodeDetailsInExceptionMessages org.codehaus.plexus.classworlds.launcher.Launcher -B -Dstyle.color=always install

Host: Intel(R) Xeon(R) Platinum 8370C CPU @ 2.80GHz, 2 cores, 7G,  Windows 10 , 64 bit Build 19041 (10.0.19041.5198)
Time: Wed Dec 18 05:51:48 2024 Coordinated Universal Time elapsed time: 1.897178 seconds (0d 0h 0m 1s)

---------------  T H R E A D  ---------------

Current thread (0x000001e5fddb4720):  JavaThread "C2 CompilerThread0" daemon [_thread_in_native, id=6356, stack(0x0000006054a00000,0x0000006054b00000)]


Current CompileTask:
C2:   1897 1205       4       jdk.internal.loader.URLClassPath::getResource (74 bytes)

Stack: [0x0000006054a00000,0x0000006054b00000]
Native frames: (J=compiled Java code, j=interpreted, Vv=VM code, C=native code)
V  [jvm.dll+0x67a04a]
V  [jvm.dll+0x7da4ed]
V  [jvm.dll+0x7dbe33]
V  [jvm.dll+0x7dc4a3]
V  [jvm.dll+0x24508f]
V  [jvm.dll+0xab773]
V  [jvm.dll+0xabd3c]
V  [jvm.dll+0x361bee]
V  [jvm.dll+0x32c431]
V  [jvm.dll+0x32b8ca]
V  [jvm.dll+0x21683f]
V  [jvm.dll+0x215c6f]
V  [jvm.dll+0x1a2960]
V  [jvm.dll+0x22610b]
V  [jvm.dll+0x2242ab]
V  [jvm.dll+0x79075c]
V  [jvm.dll+0x78abea]
V  [jvm.dll+0x678f35]
C  [ucrtbase.dll+0x21bb2]
C  [KERNEL32.DLL+0x17374]
C  [ntdll.dll+0x4cc91]


---------------  P R O C E S S  ---------------

Threads class SMR info:
_java_thread_list=0x000001e5fe1fb210, length=12, elements={
0x000001e5ef7842b0, 0x000001e5fdd9c9b0, 0x000001e5fdd9dd60, 0x000001e5fddb0dd0,
0x000001e5fddb36b0, 0x000001e5fddb6760, 0x000001e5fddb7030, 0x000001e5fddb4720,
0x000001e5fddc5360, 0x000001e5fde34b80, 0x000001e5fdee9650, 0x000001e5fdef8410
}

Java Threads: ( => current thread )
  0x000001e5ef7842b0 JavaThread "main" [_thread_in_vm, id=8808, stack(0x0000006053d00000,0x0000006053e00000)]
  0x000001e5fdd9c9b0 JavaThread "Reference Handler" daemon [_thread_blocked, id=2152, stack(0x0000006054400000,0x0000006054500000)]
  0x000001e5fdd9dd60 JavaThread "Finalizer" daemon [_thread_blocked, id=8932, stack(0x0000006054500000,0x0000006054600000)]
  0x000001e5fddb0dd0 JavaThread "Signal Dispatcher" daemon [_thread_blocked, id=4244, stack(0x0000006054600000,0x0000006054700000)]
  0x000001e5fddb36b0 JavaThread "Attach Listener" daemon [_thread_blocked, id=9716, stack(0x0000006054700000,0x0000006054800000)]
  0x000001e5fddb6760 JavaThread "Service Thread" daemon [_thread_blocked, id=10076, stack(0x0000006054800000,0x0000006054900000)]
  0x000001e5fddb7030 JavaThread "Monitor Deflation Thread" daemon [_thread_blocked, id=10984, stack(0x0000006054900000,0x0000006054a00000)]
=>0x000001e5fddb4720 JavaThread "C2 CompilerThread0" daemon [_thread_in_native, id=6356, stack(0x0000006054a00000,0x0000006054b00000)]
  0x000001e5fddc5360 JavaThread "C1 CompilerThread0" daemon [_thread_blocked, id=2848, stack(0x0000006054b00000,0x0000006054c00000)]
  0x000001e5fde34b80 JavaThread "Sweeper thread" daemon [_thread_blocked, id=5252, stack(0x0000006054c00000,0x0000006054d00000)]
  0x000001e5fdee9650 JavaThread "Notification Thread" daemon [_thread_blocked, id=10932, stack(0x0000006054d00000,0x0000006054e00000)]
  0x000001e5fdef8410 JavaThread "Common-Cleaner" daemon [_thread_blocked, id=9264, stack(0x0000006054f00000,0x0000006055000000)]

Other Threads:
  0x000001e5fdd96f90 VMThread "VM Thread" [stack: 0x0000006054300000,0x0000006054400000] [id=1316]
  0x000001e5fdee9b30 WatcherThread [stack: 0x0000006054e00000,0x0000006054f00000] [id=7808]
  0x000001e5ef7df3d0 GCTaskThread "GC Thread#0" [stack: 0x0000006053e00000,0x0000006053f00000] [id=6956]
  0x000001e5fdfd2d70 GCTaskThread "GC Thread#1" [stack: 0x0000006055000000,0x0000006055100000] [id=7304]
  0x000001e5ef7f1240 ConcurrentGCThread "G1 Main Marker" [stack: 0x0000006053f00000,0x0000006054000000] [id=10792]
  0x000001e5ef7f2440 ConcurrentGCThread "G1 Conc#0" [stack: 0x0000006054000000,0x0000006054100000] [id=7028]
  0x000001e5ef84f390 ConcurrentGCThread "G1 Refine#0" [stack: 0x0000006054100000,0x0000006054200000] [id=8868]
  0x000001e5ef8505b0 ConcurrentGCThread "G1 Service" [stack: 0x0000006054200000,0x0000006054300000] [id=4356]

Threads with active compile tasks:
C2 CompilerThread0     1946 1205       4       jdk.internal.loader.URLClassPath::getResource (74 bytes)

VM state: not at safepoint (normal execution)

VM Mutex/Monitor currently owned by a thread: None

Heap address: 0x0000000080000000, size: 2048 MB, Compressed Oops mode: 32-bit

CDS archive(s) mapped at: [0x000001e58f000000-0x000001e58fbd0000-0x000001e58fbd0000), size 12386304, SharedBaseAddress: 0x000001e58f000000, ArchiveRelocationMode: 1.
Compressed class space mapped at: 0x000001e590000000-0x000001e5d0000000, reserved size: 1073741824
Narrow klass base: 0x000001e58f000000, Narrow klass shift: 0, Narrow klass range: 0x100000000

GC Precious Log:
 CPUs: 2 total, 2 available
 Memory: 8190M
 Large Page Support: Disabled
 NUMA Support: Disabled
 Compressed Oops: Enabled (32-bit)
 Heap Region Size: 1M
 Heap Min Capacity: 8M
 Heap Initial Capacity: 128M
 Heap Max Capacity: 2G
 Pre-touch: Disabled
 Parallel Workers: 2
 Concurrent Workers: 1
 Concurrent Refinement Workers: 2
 Periodic GC: Disabled

Heap:
 garbage-first heap   total 131072K, used 11928K [0x0000000080000000, 0x0000000100000000)
  region size 1024K, 11 young (11264K), 2 survivors (2048K)
 Metaspace       used 6193K, committed 6336K, reserved 1114112K
  class space    used 738K, committed 832K, reserved 1048576K

Heap Regions: E=young(eden), S=young(survivor), O=old, HS=humongous(starts), HC=humongous(continues), CS=collection set, F=free, OA=open archive, CA=closed archive, TAMS=top-at-mark-start (previous, next)
|   0|0x0000000080000000, 0x0000000080100000, 0x0000000080100000|100%| O|  |TAMS 0x0000000080000000, 0x0000000080000000| Untracked 
|   1|0x0000000080100000, 0x0000000080200000, 0x0000000080200000|100%| O|  |TAMS 0x0000000080100000, 0x0000000080100000| Untracked 
|   2|0x0000000080200000, 0x000000008021c600, 0x0000000080300000| 11%| O|  |TAMS 0x0000000080200000, 0x0000000080200000| Untracked 
|   3|0x0000000080300000, 0x0000000080300000, 0x0000000080400000|  0%| F|  |TAMS 0x0000000080300000, 0x0000000080300000| Untracked 
|   4|0x0000000080400000, 0x0000000080400000, 0x0000000080500000|  0%| F|  |TAMS 0x0000000080400000, 0x0000000080400000| Untracked 
|   5|0x0000000080500000, 0x0000000080500000, 0x0000000080600000|  0%| F|  |TAMS 0x0000000080500000, 0x0000000080500000| Untracked 
|   6|0x0000000080600000, 0x0000000080600000, 0x0000000080700000|  0%| F|  |TAMS 0x0000000080600000, 0x0000000080600000| Untracked 
|   7|0x0000000080700000, 0x0000000080700000, 0x0000000080800000|  0%| F|  |TAMS 0x0000000080700000, 0x0000000080700000| Untracked 
|   8|0x0000000080800000, 0x0000000080800000, 0x0000000080900000|  0%| F|  |TAMS 0x0000000080800000, 0x0000000080800000| Untracked 
|   9|0x0000000080900000, 0x0000000080900000, 0x0000000080a00000|  0%| F|  |TAMS 0x0000000080900000, 0x0000000080900000| Untracked 
|  10|0x0000000080a00000, 0x0000000080a00000, 0x0000000080b00000|  0%| F|  |TAMS 0x0000000080a00000, 0x0000000080a00000| Untracked 
|  11|0x0000000080b00000, 0x0000000080b00000, 0x0000000080c00000|  0%| F|  |TAMS 0x0000000080b00000, 0x0000000080b00000| Untracked 
|  12|0x0000000080c00000, 0x0000000080c00000, 0x0000000080d00000|  0%| F|  |TAMS 0x0000000080c00000, 0x0000000080c00000| Untracked 
|  13|0x0000000080d00000, 0x0000000080d00000, 0x0000000080e00000|  0%| F|  |TAMS 0x0000000080d00000, 0x0000000080d00000| Untracked 
|  14|0x0000000080e00000, 0x0000000080e00000, 0x0000000080f00000|  0%| F|  |TAMS 0x0000000080e00000, 0x0000000080e00000| Untracked 
|  15|0x0000000080f00000, 0x0000000080f00000, 0x0000000081000000|  0%| F|  |TAMS 0x0000000080f00000, 0x0000000080f00000| Untracked 
|  16|0x0000000081000000, 0x0000000081000000, 0x0000000081100000|  0%| F|  |TAMS 0x0000000081000000, 0x0000000081000000| Untracked 
|  17|0x0000000081100000, 0x0000000081100000, 0x0000000081200000|  0%| F|  |TAMS 0x0000000081100000, 0x0000000081100000| Untracked 
|  18|0x0000000081200000, 0x0000000081200000, 0x0000000081300000|  0%| F|  |TAMS 0x0000000081200000, 0x0000000081200000| Untracked 
|  19|0x0000000081300000, 0x0000000081300000, 0x0000000081400000|  0%| F|  |TAMS 0x0000000081300000, 0x0000000081300000| Untracked 
|  20|0x0000000081400000, 0x0000000081400000, 0x0000000081500000|  0%| F|  |TAMS 0x0000000081400000, 0x0000000081400000| Untracked 
|  21|0x0000000081500000, 0x0000000081500000, 0x0000000081600000|  0%| F|  |TAMS 0x0000000081500000, 0x0000000081500000| Untracked 
|  22|0x0000000081600000, 0x0000000081600000, 0x0000000081700000|  0%| F|  |TAMS 0x0000000081600000, 0x0000000081600000| Untracked 
|  23|0x0000000081700000, 0x0000000081700000, 0x0000000081800000|  0%| F|  |TAMS 0x0000000081700000, 0x0000000081700000| Untracked 
|  24|0x0000000081800000, 0x0000000081800000, 0x0000000081900000|  0%| F|  |TAMS 0x0000000081800000, 0x0000000081800000| Untracked 
|  25|0x0000000081900000, 0x0000000081900000, 0x0000000081a00000|  0%| F|  |TAMS 0x0000000081900000, 0x0000000081900000| Untracked 
|  26|0x0000000081a00000, 0x0000000081a00000, 0x0000000081b00000|  0%| F|  |TAMS 0x0000000081a00000, 0x0000000081a00000| Untracked 
|  27|0x0000000081b00000, 0x0000000081b00000, 0x0000000081c00000|  0%| F|  |TAMS 0x0000000081b00000, 0x0000000081b00000| Untracked 
|  28|0x0000000081c00000, 0x0000000081c00000, 0x0000000081d00000|  0%| F|  |TAMS 0x0000000081c00000, 0x0000000081c00000| Untracked 
|  29|0x0000000081d00000, 0x0000000081d00000, 0x0000000081e00000|  0%| F|  |TAMS 0x0000000081d00000, 0x0000000081d00000| Untracked 
|  30|0x0000000081e00000, 0x0000000081e00000, 0x0000000081f00000|  0%| F|  |TAMS 0x0000000081e00000, 0x0000000081e00000| Untracked 
|  31|0x0000000081f00000, 0x0000000081f00000, 0x0000000082000000|  0%| F|  |TAMS 0x0000000081f00000, 0x0000000081f00000| Untracked 
|  32|0x0000000082000000, 0x0000000082000000, 0x0000000082100000|  0%| F|  |TAMS 0x0000000082000000, 0x0000000082000000| Untracked 
|  33|0x0000000082100000, 0x0000000082100000, 0x0000000082200000|  0%| F|  |TAMS 0x0000000082100000, 0x0000000082100000| Untracked 
|  34|0x0000000082200000, 0x0000000082200000, 0x0000000082300000|  0%| F|  |TAMS 0x0000000082200000, 0x0000000082200000| Untracked 
|  35|0x0000000082300000, 0x0000000082300000, 0x0000000082400000|  0%| F|  |TAMS 0x0000000082300000, 0x0000000082300000| Untracked 
|  36|0x0000000082400000, 0x0000000082400000, 0x0000000082500000|  0%| F|  |TAMS 0x0000000082400000, 0x0000000082400000| Untracked 
|  37|0x0000000082500000, 0x0000000082500000, 0x0000000082600000|  0%| F|  |TAMS 0x0000000082500000, 0x0000000082500000| Untracked 
|  38|0x0000000082600000, 0x0000000082600000, 0x0000000082700000|  0%| F|  |TAMS 0x0000000082600000, 0x0000000082600000| Untracked 
|  39|0x0000000082700000, 0x0000000082700000, 0x0000000082800000|  0%| F|  |TAMS 0x0000000082700000, 0x0000000082700000| Untracked 
|  40|0x0000000082800000, 0x0000000082800000, 0x0000000082900000|  0%| F|  |TAMS 0x0000000082800000, 0x0000000082800000| Untracked 
|  41|0x0000000082900000, 0x0000000082900000, 0x0000000082a00000|  0%| F|  |TAMS 0x0000000082900000, 0x0000000082900000| Untracked 
|  42|0x0000000082a00000, 0x0000000082a00000, 0x0000000082b00000|  0%| F|  |TAMS 0x0000000082a00000, 0x0000000082a00000| Untracked 
|  43|0x0000000082b00000, 0x0000000082b00000, 0x0000000082c00000|  0%| F|  |TAMS 0x0000000082b00000, 0x0000000082b00000| Untracked 
|  44|0x0000000082c00000, 0x0000000082c00000, 0x0000000082d00000|  0%| F|  |TAMS 0x0000000082c00000, 0x0000000082c00000| Untracked 
|  45|0x0000000082d00000, 0x0000000082d00000, 0x0000000082e00000|  0%| F|  |TAMS 0x0000000082d00000, 0x0000000082d00000| Untracked 
|  46|0x0000000082e00000, 0x0000000082e00000, 0x0000000082f00000|  0%| F|  |TAMS 0x0000000082e00000, 0x0000000082e00000| Untracked 
|  47|0x0000000082f00000, 0x0000000082f00000, 0x0000000083000000|  0%| F|  |TAMS 0x0000000082f00000, 0x0000000082f00000| Untracked 
|  48|0x0000000083000000, 0x0000000083000000, 0x0000000083100000|  0%| F|  |TAMS 0x0000000083000000, 0x0000000083000000| Untracked 
|  49|0x0000000083100000, 0x0000000083100000, 0x0000000083200000|  0%| F|  |TAMS 0x0000000083100000, 0x0000000083100000| Untracked 
|  50|0x0000000083200000, 0x0000000083200000, 0x0000000083300000|  0%| F|  |TAMS 0x0000000083200000, 0x0000000083200000| Untracked 
|  51|0x0000000083300000, 0x0000000083300000, 0x0000000083400000|  0%| F|  |TAMS 0x0000000083300000, 0x0000000083300000| Untracked 
|  52|0x0000000083400000, 0x0000000083400000, 0x0000000083500000|  0%| F|  |TAMS 0x0000000083400000, 0x0000000083400000| Untracked 
|  53|0x0000000083500000, 0x0000000083500000, 0x0000000083600000|  0%| F|  |TAMS 0x0000000083500000, 0x0000000083500000| Untracked 
|  54|0x0000000083600000, 0x0000000083600000, 0x0000000083700000|  0%| F|  |TAMS 0x0000000083600000, 0x0000000083600000| Untracked 
|  55|0x0000000083700000, 0x0000000083700000, 0x0000000083800000|  0%| F|  |TAMS 0x0000000083700000, 0x0000000083700000| Untracked 
|  56|0x0000000083800000, 0x0000000083800000, 0x0000000083900000|  0%| F|  |TAMS 0x0000000083800000, 0x0000000083800000| Untracked 
|  57|0x0000000083900000, 0x0000000083900000, 0x0000000083a00000|  0%| F|  |TAMS 0x0000000083900000, 0x0000000083900000| Untracked 
|  58|0x0000000083a00000, 0x0000000083a00000, 0x0000000083b00000|  0%| F|  |TAMS 0x0000000083a00000, 0x0000000083a00000| Untracked 
|  59|0x0000000083b00000, 0x0000000083b00000, 0x0000000083c00000|  0%| F|  |TAMS 0x0000000083b00000, 0x0000000083b00000| Untracked 
|  60|0x0000000083c00000, 0x0000000083c00000, 0x0000000083d00000|  0%| F|  |TAMS 0x0000000083c00000, 0x0000000083c00000| Untracked 
|  61|0x0000000083d00000, 0x0000000083d00000, 0x0000000083e00000|  0%| F|  |TAMS 0x0000000083d00000, 0x0000000083d00000| Untracked 
|  62|0x0000000083e00000, 0x0000000083e00000, 0x0000000083f00000|  0%| F|  |TAMS 0x0000000083e00000, 0x0000000083e00000| Untracked 
|  63|0x0000000083f00000, 0x0000000083f00000, 0x0000000084000000|  0%| F|  |TAMS 0x0000000083f00000, 0x0000000083f00000| Untracked 
|  64|0x0000000084000000, 0x0000000084000000, 0x0000000084100000|  0%| F|  |TAMS 0x0000000084000000, 0x0000000084000000| Untracked 
|  65|0x0000000084100000, 0x0000000084100000, 0x0000000084200000|  0%| F|  |TAMS 0x0000000084100000, 0x0000000084100000| Untracked 
|  66|0x0000000084200000, 0x0000000084200000, 0x0000000084300000|  0%| F|  |TAMS 0x0000000084200000, 0x0000000084200000| Untracked 
|  67|0x0000000084300000, 0x0000000084300000, 0x0000000084400000|  0%| F|  |TAMS 0x0000000084300000, 0x0000000084300000| Untracked 
|  68|0x0000000084400000, 0x0000000084400000, 0x0000000084500000|  0%| F|  |TAMS 0x0000000084400000, 0x0000000084400000| Untracked 
|  69|0x0000000084500000, 0x0000000084500000, 0x0000000084600000|  0%| F|  |TAMS 0x0000000084500000, 0x0000000084500000| Untracked 
|  70|0x0000000084600000, 0x0000000084600000, 0x0000000084700000|  0%| F|  |TAMS 0x0000000084600000, 0x0000000084600000| Untracked 
|  71|0x0000000084700000, 0x0000000084700000, 0x0000000084800000|  0%| F|  |TAMS 0x0000000084700000, 0x0000000084700000| Untracked 
|  72|0x0000000084800000, 0x0000000084800000, 0x0000000084900000|  0%| F|  |TAMS 0x0000000084800000, 0x0000000084800000| Untracked 
|  73|0x0000000084900000, 0x0000000084900000, 0x0000000084a00000|  0%| F|  |TAMS 0x0000000084900000, 0x0000000084900000| Untracked 
|  74|0x0000000084a00000, 0x0000000084a00000, 0x0000000084b00000|  0%| F|  |TAMS 0x0000000084a00000, 0x0000000084a00000| Untracked 
|  75|0x0000000084b00000, 0x0000000084b00000, 0x0000000084c00000|  0%| F|  |TAMS 0x0000000084b00000, 0x0000000084b00000| Untracked 
|  76|0x0000000084c00000, 0x0000000084c00000, 0x0000000084d00000|  0%| F|  |TAMS 0x0000000084c00000, 0x0000000084c00000| Untracked 
|  77|0x0000000084d00000, 0x0000000084d00000, 0x0000000084e00000|  0%| F|  |TAMS 0x0000000084d00000, 0x0000000084d00000| Untracked 
|  78|0x0000000084e00000, 0x0000000084e00000, 0x0000000084f00000|  0%| F|  |TAMS 0x0000000084e00000, 0x0000000084e00000| Untracked 
|  79|0x0000000084f00000, 0x0000000084f00000, 0x0000000085000000|  0%| F|  |TAMS 0x0000000084f00000, 0x0000000084f00000| Untracked 
|  80|0x0000000085000000, 0x0000000085000000, 0x0000000085100000|  0%| F|  |TAMS 0x0000000085000000, 0x0000000085000000| Untracked 
|  81|0x0000000085100000, 0x0000000085100000, 0x0000000085200000|  0%| F|  |TAMS 0x0000000085100000, 0x0000000085100000| Untracked 
|  82|0x0000000085200000, 0x0000000085200000, 0x0000000085300000|  0%| F|  |TAMS 0x0000000085200000, 0x0000000085200000| Untracked 
|  83|0x0000000085300000, 0x0000000085300000, 0x0000000085400000|  0%| F|  |TAMS 0x0000000085300000, 0x0000000085300000| Untracked 
|  84|0x0000000085400000, 0x0000000085400000, 0x0000000085500000|  0%| F|  |TAMS 0x0000000085400000, 0x0000000085400000| Untracked 
|  85|0x0000000085500000, 0x0000000085500000, 0x0000000085600000|  0%| F|  |TAMS 0x0000000085500000, 0x0000000085500000| Untracked 
|  86|0x0000000085600000, 0x0000000085600000, 0x0000000085700000|  0%| F|  |TAMS 0x0000000085600000, 0x0000000085600000| Untracked 
|  87|0x0000000085700000, 0x0000000085700000, 0x0000000085800000|  0%| F|  |TAMS 0x0000000085700000, 0x0000000085700000| Untracked 
|  88|0x0000000085800000, 0x0000000085800000, 0x0000000085900000|  0%| F|  |TAMS 0x0000000085800000, 0x0000000085800000| Untracked 
|  89|0x0000000085900000, 0x0000000085900000, 0x0000000085a00000|  0%| F|  |TAMS 0x0000000085900000, 0x0000000085900000| Untracked 
|  90|0x0000000085a00000, 0x0000000085a00000, 0x0000000085b00000|  0%| F|  |TAMS 0x0000000085a00000, 0x0000000085a00000| Untracked 
|  91|0x0000000085b00000, 0x0000000085b00000, 0x0000000085c00000|  0%| F|  |TAMS 0x0000000085b00000, 0x0000000085b00000| Untracked 
|  92|0x0000000085c00000, 0x0000000085c00000, 0x0000000085d00000|  0%| F|  |TAMS 0x0000000085c00000, 0x0000000085c00000| Untracked 
|  93|0x0000000085d00000, 0x0000000085d00000, 0x0000000085e00000|  0%| F|  |TAMS 0x0000000085d00000, 0x0000000085d00000| Untracked 
|  94|0x0000000085e00000, 0x0000000085e00000, 0x0000000085f00000|  0%| F|  |TAMS 0x0000000085e00000, 0x0000000085e00000| Untracked 
|  95|0x0000000085f00000, 0x0000000085f00000, 0x0000000086000000|  0%| F|  |TAMS 0x0000000085f00000, 0x0000000085f00000| Untracked 
|  96|0x0000000086000000, 0x0000000086000000, 0x0000000086100000|  0%| F|  |TAMS 0x0000000086000000, 0x0000000086000000| Untracked 
|  97|0x0000000086100000, 0x0000000086100000, 0x0000000086200000|  0%| F|  |TAMS 0x0000000086100000, 0x0000000086100000| Untracked 
|  98|0x0000000086200000, 0x0000000086200000, 0x0000000086300000|  0%| F|  |TAMS 0x0000000086200000, 0x0000000086200000| Untracked 
|  99|0x0000000086300000, 0x0000000086300000, 0x0000000086400000|  0%| F|  |TAMS 0x0000000086300000, 0x0000000086300000| Untracked 
| 100|0x0000000086400000, 0x0000000086400000, 0x0000000086500000|  0%| F|  |TAMS 0x0000000086400000, 0x0000000086400000| Untracked 
| 101|0x0000000086500000, 0x0000000086500000, 0x0000000086600000|  0%| F|  |TAMS 0x0000000086500000, 0x0000000086500000| Untracked 
| 102|0x0000000086600000, 0x0000000086600000, 0x0000000086700000|  0%| F|  |TAMS 0x0000000086600000, 0x0000000086600000| Untracked 
| 103|0x0000000086700000, 0x0000000086700000, 0x0000000086800000|  0%| F|  |TAMS 0x0000000086700000, 0x0000000086700000| Untracked 
| 104|0x0000000086800000, 0x0000000086800000, 0x0000000086900000|  0%| F|  |TAMS 0x0000000086800000, 0x0000000086800000| Untracked 
| 105|0x0000000086900000, 0x0000000086900000, 0x0000000086a00000|  0%| F|  |TAMS 0x0000000086900000, 0x0000000086900000| Untracked 
| 106|0x0000000086a00000, 0x0000000086a00000, 0x0000000086b00000|  0%| F|  |TAMS 0x0000000086a00000, 0x0000000086a00000| Untracked 
| 107|0x0000000086b00000, 0x0000000086b00000, 0x0000000086c00000|  0%| F|  |TAMS 0x0000000086b00000, 0x0000000086b00000| Untracked 
| 108|0x0000000086c00000, 0x0000000086c00000, 0x0000000086d00000|  0%| F|  |TAMS 0x0000000086c00000, 0x0000000086c00000| Untracked 
| 109|0x0000000086d00000, 0x0000000086d00000, 0x0000000086e00000|  0%| F|  |TAMS 0x0000000086d00000, 0x0000000086d00000| Untracked 
| 110|0x0000000086e00000, 0x0000000086e00000, 0x0000000086f00000|  0%| F|  |TAMS 0x0000000086e00000, 0x0000000086e00000| Untracked 
| 111|0x0000000086f00000, 0x0000000086f00000, 0x0000000087000000|  0%| F|  |TAMS 0x0000000086f00000, 0x0000000086f00000| Untracked 
| 112|0x0000000087000000, 0x0000000087000000, 0x0000000087100000|  0%| F|  |TAMS 0x0000000087000000, 0x0000000087000000| Untracked 
| 113|0x0000000087100000, 0x0000000087100000, 0x0000000087200000|  0%| F|  |TAMS 0x0000000087100000, 0x0000000087100000| Untracked 
| 114|0x0000000087200000, 0x0000000087200000, 0x0000000087300000|  0%| F|  |TAMS 0x0000000087200000, 0x0000000087200000| Untracked 
| 115|0x0000000087300000, 0x0000000087389a90, 0x0000000087400000| 53%| S|CS|TAMS 0x0000000087300000, 0x0000000087300000| Complete 
| 116|0x0000000087400000, 0x0000000087500000, 0x0000000087500000|100%| S|CS|TAMS 0x0000000087400000, 0x0000000087400000| Complete 
| 117|0x0000000087500000, 0x0000000087500000, 0x0000000087600000|  0%| F|  |TAMS 0x0000000087500000, 0x0000000087500000| Untracked 
| 118|0x0000000087600000, 0x0000000087600000, 0x0000000087700000|  0%| F|  |TAMS 0x0000000087600000, 0x0000000087600000| Untracked 
| 119|0x0000000087700000, 0x0000000087780800, 0x0000000087800000| 50%| E|  |TAMS 0x0000000087700000, 0x0000000087700000| Complete 
| 120|0x0000000087800000, 0x0000000087900000, 0x0000000087900000|100%| E|CS|TAMS 0x0000000087800000, 0x0000000087800000| Complete 
| 121|0x0000000087900000, 0x0000000087a00000, 0x0000000087a00000|100%| E|CS|TAMS 0x0000000087900000, 0x0000000087900000| Complete 
| 122|0x0000000087a00000, 0x0000000087b00000, 0x0000000087b00000|100%| E|CS|TAMS 0x0000000087a00000, 0x0000000087a00000| Complete 
| 123|0x0000000087b00000, 0x0000000087c00000, 0x0000000087c00000|100%| E|CS|TAMS 0x0000000087b00000, 0x0000000087b00000| Complete 
| 124|0x0000000087c00000, 0x0000000087d00000, 0x0000000087d00000|100%| E|CS|TAMS 0x0000000087c00000, 0x0000000087c00000| Complete 
| 125|0x0000000087d00000, 0x0000000087e00000, 0x0000000087e00000|100%| E|CS|TAMS 0x0000000087d00000, 0x0000000087d00000| Complete 
| 126|0x0000000087e00000, 0x0000000087f00000, 0x0000000087f00000|100%| E|CS|TAMS 0x0000000087e00000, 0x0000000087e00000| Complete 
| 127|0x0000000087f00000, 0x0000000088000000, 0x0000000088000000|100%| E|CS|TAMS 0x0000000087f00000, 0x0000000087f00000| Complete 

Card table byte_map: [0x000001e5f7450000,0x000001e5f7850000] _byte_map_base: 0x000001e5f7050000

Marking Bits (Prev, Next): (CMBitMap*) 0x000001e5ef7e0910, (CMBitMap*) 0x000001e5ef7e0950
 Prev Bits: [0x000001e5f7c50000, 0x000001e5f9c50000)
 Next Bits: [0x000001e5f9c50000, 0x000001e5fbc50000)

Polling page: 0x000001e5ed530000

Metaspace:

Usage:
  Non-class:      5.34 MB used.
      Class:    741.74 KB used.
       Both:      6.07 MB used.

Virtual space:
  Non-class space:       64.00 MB reserved,       5.44 MB (  8%) committed,  1 nodes.
      Class space:        1.00 GB reserved,     832.00 KB ( <1%) committed,  1 nodes.
             Both:        1.06 GB reserved,       6.25 MB ( <1%) committed. 

Chunk freelists:
   Non-Class:  8.73 MB
       Class:  15.22 MB
        Both:  23.95 MB

MaxMetaspaceSize: unlimited
CompressedClassSpaceSize: 1.00 GB
Initial GC threshold: 21.00 MB
Current GC threshold: 21.00 MB
CDS: on
MetaspaceReclaimPolicy: balanced
 - commit_granule_bytes: 65536.
 - commit_granule_words: 8192.
 - virtual_space_node_default_size: 8388608.
 - enlarge_chunks_in_place: 1.
 - new_chunks_are_fully_committed: 0.
 - uncommit_free_chunks: 1.
 - use_allocation_guard: 0.
 - handle_deallocations: 1.


Internal statistics:

num_allocs_failed_limit: 0.
num_arena_births: 40.
num_arena_deaths: 0.
num_vsnodes_births: 2.
num_vsnodes_deaths: 0.
num_space_committed: 100.
num_space_uncommitted: 0.
num_chunks_returned_to_freelist: 0.
num_chunks_taken_from_freelist: 219.
num_chunk_merges: 0.
num_chunk_splits: 142.
num_chunks_enlarged: 124.
num_inconsistent_stats: 0.

CodeHeap 'non-profiled nmethods': size=120064Kb used=468Kb max_used=468Kb free=119595Kb
 bounds [0x000001e587ac0000, 0x000001e587d30000, 0x000001e58f000000]
CodeHeap 'profiled nmethods': size=120000Kb used=2467Kb max_used=2467Kb free=117532Kb
 bounds [0x000001e580000000, 0x000001e580270000, 0x000001e587530000]
CodeHeap 'non-nmethods': size=5696Kb used=1164Kb max_used=1190Kb free=4532Kb
 bounds [0x000001e587530000, 0x000001e5877a0000, 0x000001e587ac0000]
 total_blobs=1670 nmethods=1227 adapters=356
 compilation: enabled
              stopped_count=0, restarted_count=0
 full_count=0

Compilation events (20 events):
Event: 1.862 Thread 0x000001e5fddb4720 nmethod 1198 0x000001e587b33990 code [0x000001e587b33b00, 0x000001e587b33bd8]
Event: 1.863 Thread 0x000001e5fddc5360 1201       3       com.google.inject.internal.MoreTypes::isFullySpecified (48 bytes)
Event: 1.863 Thread 0x000001e5fddc5360 nmethod 1201 0x000001e58025da90 code [0x000001e58025dca0, 0x000001e58025e5c8]
Event: 1.863 Thread 0x000001e5fddc5360 1202       3       com.google.inject.internal.MoreTypes::canonicalizeForKey (103 bytes)
Event: 1.864 Thread 0x000001e5fddc5360 nmethod 1202 0x000001e58025e710 code [0x000001e58025ea00, 0x000001e58025fad8]
Event: 1.864 Thread 0x000001e5fddc5360 1204       3       org.eclipse.sisu.space.asm.ClassReader::readInt (52 bytes)
Event: 1.864 Thread 0x000001e5fddc5360 nmethod 1204 0x000001e580260010 code [0x000001e5802601a0, 0x000001e580260378]
Event: 1.864 Thread 0x000001e5fddc5360 1203       3       com.google.common.collect.RegularImmutableMap::get (13 bytes)
Event: 1.864 Thread 0x000001e5fddc5360 nmethod 1203 0x000001e580260490 code [0x000001e580260620, 0x000001e580260768]
Event: 1.865 Thread 0x000001e5fddb4720 1205       4       jdk.internal.loader.URLClassPath::getResource (74 bytes)
Event: 1.869 Thread 0x000001e5fddc5360 1206       3       sun.reflect.annotation.AnnotatedTypeFactory::isArray (35 bytes)
Event: 1.869 Thread 0x000001e5fddc5360 nmethod 1206 0x000001e580260810 code [0x000001e5802609e0, 0x000001e580260f28]
Event: 1.872 Thread 0x000001e5fddc5360 1207       1       java.lang.reflect.Method::getAnnotationBytes (5 bytes)
Event: 1.872 Thread 0x000001e5fddc5360 nmethod 1207 0x000001e587b33d10 code [0x000001e587b33ea0, 0x000001e587b33f78]
Event: 1.876 Thread 0x000001e5fddc5360 1208       3       java.lang.Runtime$Version::feature (17 bytes)
Event: 1.876 Thread 0x000001e5fddc5360 nmethod 1208 0x000001e580261010 code [0x000001e5802611c0, 0x000001e5802614a8]
Event: 1.893 Thread 0x000001e5fddc5360 1210       3       com.google.common.collect.Hashing::smear (19 bytes)
Event: 1.893 Thread 0x000001e5fddc5360 nmethod 1210 0x000001e580261590 code [0x000001e580261720, 0x000001e580261898]
Event: 1.893 Thread 0x000001e5fddc5360 1211       1       jdk.internal.loader.AbstractClassLoaderValue$Sub::parent (5 bytes)
Event: 1.893 Thread 0x000001e5fddc5360 nmethod 1211 0x000001e587b34010 code [0x000001e587b341a0, 0x000001e587b34278]

GC Heap History (6 events):
Event: 0.507 GC heap before
{Heap before GC invocations=0 (full 0):
 garbage-first heap   total 131072K, used 6144K [0x0000000080000000, 0x0000000100000000)
  region size 1024K, 6 young (6144K), 0 survivors (0K)
 Metaspace       used 1923K, committed 2112K, reserved 1114112K
  class space    used 184K, committed 256K, reserved 1048576K
}
Event: 0.511 GC heap after
{Heap after GC invocations=1 (full 0):
 garbage-first heap   total 131072K, used 1963K [0x0000000080000000, 0x0000000100000000)
  region size 1024K, 1 young (1024K), 1 survivors (1024K)
 Metaspace       used 1923K, committed 2112K, reserved 1114112K
  class space    used 184K, committed 256K, reserved 1048576K
}
Event: 0.886 GC heap before
{Heap before GC invocations=1 (full 0):
 garbage-first heap   total 131072K, used 6059K [0x0000000080000000, 0x0000000100000000)
  region size 1024K, 6 young (6144K), 1 survivors (1024K)
 Metaspace       used 3143K, committed 3328K, reserved 1114112K
  class space    used 328K, committed 448K, reserved 1048576K
}
Event: 0.891 GC heap after
{Heap after GC invocations=2 (full 0):
 garbage-first heap   total 131072K, used 3185K [0x0000000080000000, 0x0000000100000000)
  region size 1024K, 1 young (1024K), 1 survivors (1024K)
 Metaspace       used 3143K, committed 3328K, reserved 1114112K
  class space    used 328K, committed 448K, reserved 1048576K
}
Event: 1.534 GC heap before
{Heap before GC invocations=2 (full 0):
 garbage-first heap   total 131072K, used 13425K [0x0000000080000000, 0x0000000100000000)
  region size 1024K, 11 young (11264K), 1 survivors (1024K)
 Metaspace       used 5534K, committed 5760K, reserved 1114112K
  class space    used 662K, committed 768K, reserved 1048576K
}
Event: 1.538 GC heap after
{Heap after GC invocations=3 (full 0):
 garbage-first heap   total 131072K, used 3736K [0x0000000080000000, 0x0000000100000000)
  region size 1024K, 2 young (2048K), 2 survivors (2048K)
 Metaspace       used 5534K, committed 5760K, reserved 1114112K
  class space    used 662K, committed 768K, reserved 1048576K
}

Deoptimization events (20 events):
Event: 1.389 Thread 0x000001e5ef7842b0 DEOPT PACKING pc=0x000001e587b0e5b4 sp=0x0000006053dfd000
Event: 1.389 Thread 0x000001e5ef7842b0 DEOPT UNPACKING pc=0x000001e587585ba3 sp=0x0000006053dfcf88 mode 2
Event: 1.474 Thread 0x000001e5ef7842b0 Uncommon trap: trap_request=0xffffff45 fr.pc=0x000001e587b11dd4 relative=0x0000000000001754
Event: 1.474 Thread 0x000001e5ef7842b0 Uncommon trap: reason=unstable_if action=reinterpret pc=0x000001e587b11dd4 method=java.nio.charset.CoderResult.isOverflow()Z @ 5 c2
Event: 1.474 Thread 0x000001e5ef7842b0 DEOPT PACKING pc=0x000001e587b11dd4 sp=0x0000006053dfda10
Event: 1.474 Thread 0x000001e5ef7842b0 DEOPT UNPACKING pc=0x000001e587585ba3 sp=0x0000006053dfd730 mode 2
Event: 1.527 Thread 0x000001e5ef7842b0 DEOPT PACKING pc=0x000001e580044bd4 sp=0x0000006053dfdbf0
Event: 1.527 Thread 0x000001e5ef7842b0 DEOPT UNPACKING pc=0x000001e5875866e3 sp=0x0000006053dfd0b0 mode 0
Event: 1.673 Thread 0x000001e5ef7842b0 Uncommon trap: trap_request=0xffffff45 fr.pc=0x000001e587b1606c relative=0x0000000000000d8c
Event: 1.673 Thread 0x000001e5ef7842b0 Uncommon trap: reason=unstable_if action=reinterpret pc=0x000001e587b1606c method=sun.nio.cs.StreamDecoder.read0()I @ 39 c2
Event: 1.673 Thread 0x000001e5ef7842b0 DEOPT PACKING pc=0x000001e587b1606c sp=0x0000006053dfdac0
Event: 1.673 Thread 0x000001e5ef7842b0 DEOPT UNPACKING pc=0x000001e587585ba3 sp=0x0000006053dfd9d8 mode 2
Event: 1.722 Thread 0x000001e5ef7842b0 Uncommon trap: trap_request=0xffffff45 fr.pc=0x000001e587b25264 relative=0x00000000000009e4
Event: 1.722 Thread 0x000001e5ef7842b0 Uncommon trap: reason=unstable_if action=reinterpret pc=0x000001e587b25264 method=org.codehaus.plexus.util.xml.pull.MXParser.nextImpl()I @ 241 c2
Event: 1.722 Thread 0x000001e5ef7842b0 DEOPT PACKING pc=0x000001e587b25264 sp=0x0000006053dfe020
Event: 1.722 Thread 0x000001e5ef7842b0 DEOPT UNPACKING pc=0x000001e587585ba3 sp=0x0000006053dfdfb0 mode 2
Event: 1.723 Thread 0x000001e5ef7842b0 Uncommon trap: trap_request=0xffffff45 fr.pc=0x000001e587b1b114 relative=0x0000000000000e54
Event: 1.723 Thread 0x000001e5ef7842b0 Uncommon trap: reason=unstable_if action=reinterpret pc=0x000001e587b1b114 method=sun.nio.cs.StreamDecoder.read0()I @ 39 c2
Event: 1.723 Thread 0x000001e5ef7842b0 DEOPT PACKING pc=0x000001e587b1b114 sp=0x0000006053dfdc00
Event: 1.723 Thread 0x000001e5ef7842b0 DEOPT UNPACKING pc=0x000001e587585ba3 sp=0x0000006053dfdbc0 mode 2

Classes unloaded (0 events):
No events

Classes redefined (0 events):
No events

Internal exceptions (20 events):
Event: 0.408 Thread 0x000001e5ef7842b0 Exception <a 'java/lang/NullPointerException'{0x0000000087b1b220}> (0x0000000087b1b220) 
thrown [s\open\src\hotspot\share\interpreter\linkResolver.cpp, line 1350]
Event: 0.408 Thread 0x000001e5ef7842b0 Exception <a 'java/lang/NullPointerException'{0x0000000087b1b4f8}> (0x0000000087b1b4f8) 
thrown [s\open\src\hotspot\share\interpreter\linkResolver.cpp, line 1350]
Event: 0.409 Thread 0x000001e5ef7842b0 Exception <a 'java/lang/NullPointerException'{0x0000000087b21910}> (0x0000000087b21910) 
thrown [s\open\src\hotspot\share\interpreter\linkResolver.cpp, line 1350]
Event: 0.411 Thread 0x000001e5ef7842b0 Exception <a 'java/lang/NullPointerException'{0x0000000087b375f8}> (0x0000000087b375f8) 
thrown [s\open\src\hotspot\share\interpreter\linkResolver.cpp, line 1350]
Event: 0.411 Thread 0x000001e5ef7842b0 Exception <a 'java/lang/NullPointerException'{0x0000000087b378d0}> (0x0000000087b378d0) 
thrown [s\open\src\hotspot\share\interpreter\linkResolver.cpp, line 1350]
Event: 0.411 Thread 0x000001e5ef7842b0 Exception <a 'java/lang/NullPointerException'{0x0000000087b37ba8}> (0x0000000087b37ba8) 
thrown [s\open\src\hotspot\share\interpreter\linkResolver.cpp, line 1350]
Event: 0.411 Thread 0x000001e5ef7842b0 Exception <a 'java/lang/NullPointerException'{0x0000000087b37e80}> (0x0000000087b37e80) 
thrown [s\open\src\hotspot\share\interpreter\linkResolver.cpp, line 1350]
Event: 0.434 Thread 0x000001e5ef7842b0 Exception <a 'java/lang/NoSuchMethodError'{0x0000000087bc3b70}: 'void java.lang.invoke.DirectMethodHandle$Holder.invokeStatic(java.lang.Object, java.lang.Object)'> (0x0000000087bc3b70) 
thrown [s\open\src\hotspot\share\interpreter\linkResolver.cpp, line 759]
Event: 0.435 Thread 0x000001e5ef7842b0 Exception <a 'java/lang/NoSuchMethodError'{0x0000000087bc76e8}: 'void java.lang.invoke.DirectMethodHandle$Holder.invokeStaticInit(java.lang.Object, java.lang.Object)'> (0x0000000087bc76e8) 
thrown [s\open\src\hotspot\share\interpreter\linkResolver.cpp, line 759]
Event: 0.449 Thread 0x000001e5ef7842b0 Exception <a 'java/lang/NoSuchMethodError'{0x0000000087a147f0}: 'void java.lang.invoke.DirectMethodHandle$Holder.invokeStatic(java.lang.Object, java.lang.Object, java.lang.Object)'> (0x0000000087a147f0) 
thrown [s\open\src\hotspot\share\interpreter\linkResolver.cpp, line 759]
Event: 0.507 Thread 0x000001e5ef7842b0 Exception <a 'java/lang/NullPointerException'{0x0000000087aff9f8}> (0x0000000087aff9f8) 
thrown [s\open\src\hotspot\share\interpreter\linkResolver.cpp, line 1350]
Event: 0.512 Thread 0x000001e5ef7842b0 Exception <a 'java/lang/NullPointerException'{0x0000000087f088c8}> (0x0000000087f088c8) 
thrown [s\open\src\hotspot\share\interpreter\linkResolver.cpp, line 1350]
Event: 0.561 Thread 0x000001e5ef7842b0 Exception <a 'java/lang/NoSuchMethodError'{0x0000000087e05b00}: 'java.lang.Object java.lang.invoke.DirectMethodHandle$Holder.invokeSpecialIFC(java.lang.Object, java.lang.Object, java.lang.Object, java.lang.Object)'> (0x0000000087e05b00) 
thrown [s\open\src\hotspot\share\interpreter\linkResolver.cpp, line 759]
Event: 0.975 Thread 0x000001e5ef7842b0 Exception <a 'java/lang/NoSuchMethodError'{0x0000000087ef85c0}: 'void java.lang.invoke.DirectMethodHandle$Holder.invokeSpecial(java.lang.Object, java.lang.Object, java.lang.Object)'> (0x0000000087ef85c0) 
thrown [s\open\src\hotspot\share\interpreter\linkResolver.cpp, line 759]
Event: 1.023 Thread 0x000001e5ef7842b0 Exception <a 'java/lang/NoSuchMethodError'{0x0000000087c5f798}: 'java.lang.Object java.lang.invoke.DirectMethodHandle$Holder.invokeInterface(java.lang.Object, java.lang.Object)'> (0x0000000087c5f798) 
thrown [s\open\src\hotspot\share\interpreter\linkResolver.cpp, line 759]
Event: 1.048 Thread 0x000001e5ef7842b0 Exception <a 'java/lang/NoSuchMethodError'{0x0000000087b0eff0}: 'java.lang.Object java.lang.invoke.Invokers$Holder.invokeExact_MT(java.lang.Object, java.lang.Object, java.lang.Object, java.lang.Object, java.lang.Object, java.lang.Object)'> (0x0000000087b0eff0) 
thrown [s\open\src\hotspot\share\interpreter\linkResolver.cpp, line 759]
Event: 1.064 Thread 0x000001e5ef7842b0 Exception <a 'java/lang/NoSuchMethodError'{0x0000000087b23e30}: 'int java.lang.invoke.DirectMethodHandle$Holder.invokeSpecialIFC(java.lang.Object, java.lang.Object, java.lang.Object, java.lang.Object, java.lang.Object)'> (0x0000000087b23e30) 
thrown [s\open\src\hotspot\share\interpreter\linkResolver.cpp, line 759]
Event: 1.324 Thread 0x000001e5ef7842b0 Exception <a 'java/lang/NoSuchMethodError'{0x00000000879d4040}: 'java.lang.Object java.lang.invoke.DirectMethodHandle$Holder.newInvokeSpecial(java.lang.Object, java.lang.Object, java.lang.Object, java.lang.Object, java.lang.Object)'> (0x00000000879d4040) 
thrown [s\open\src\hotspot\share\interpreter\linkResolver.cpp, line 759]
Event: 1.375 Thread 0x000001e5ef7842b0 Exception <a 'java/lang/NoSuchMethodError'{0x00000000878decd8}: 'int java.lang.invoke.DirectMethodHandle$Holder.invokeStaticInit(java.lang.Object, java.lang.Object)'> (0x00000000878decd8) 
thrown [s\open\src\hotspot\share\interpreter\linkResolver.cpp, line 759]
Event: 1.406 Thread 0x000001e5ef7842b0 Exception <a 'java/lang/NoClassDefFoundError'{0x0000000087718228}: javax/enterprise/inject/Typed> (0x0000000087718228) 
thrown [s\open\src\hotspot\share\classfile\systemDictionary.cpp, line 245]

VM Operations (14 events):
Event: 0.151 Executing VM operation: HandshakeAllThreads
Event: 0.151 Executing VM operation: HandshakeAllThreads done
Event: 0.327 Executing VM operation: HandshakeAllThreads
Event: 0.327 Executing VM operation: HandshakeAllThreads done
Event: 0.344 Executing VM operation: HandshakeAllThreads
Event: 0.345 Executing VM operation: HandshakeAllThreads done
Event: 0.507 Executing VM operation: G1CollectForAllocation
Event: 0.511 Executing VM operation: G1CollectForAllocation done
Event: 0.598 Executing VM operation: HandshakeAllThreads
Event: 0.598 Executing VM operation: HandshakeAllThreads done
Event: 0.886 Executing VM operation: G1CollectForAllocation
Event: 0.891 Executing VM operation: G1CollectForAllocation done
Event: 1.534 Executing VM operation: G1CollectForAllocation
Event: 1.539 Executing VM operation: G1CollectForAllocation done

Events (20 events):
Event: 1.358 loading class java/lang/reflect/TypeVariable
Event: 1.358 loading class java/lang/reflect/TypeVariable done
Event: 1.358 loading class java/lang/reflect/WildcardType
Event: 1.358 loading class java/lang/reflect/WildcardType done
Event: 1.361 loading class sun/reflect/generics/tree/TypeVariableSignature
Event: 1.361 loading class sun/reflect/generics/tree/TypeVariableSignature done
Event: 1.401 loading class java/lang/annotation/IncompleteAnnotationException
Event: 1.401 loading class java/lang/annotation/IncompleteAnnotationException done
Event: 1.531 loading class jdk/internal/access/foreign/MemorySegmentProxy
Event: 1.531 loading class jdk/internal/access/foreign/MemorySegmentProxy done
Event: 1.740 loading class sun/reflect/generics/reflectiveObjects/TypeVariableImpl
Event: 1.740 loading class sun/reflect/generics/reflectiveObjects/LazyReflectiveObjectGenerator
Event: 1.740 loading class sun/reflect/generics/reflectiveObjects/LazyReflectiveObjectGenerator done
Event: 1.740 loading class sun/reflect/generics/reflectiveObjects/TypeVariableImpl done
Event: 1.740 loading class sun/reflect/generics/reflectiveObjects/ParameterizedTypeImpl
Event: 1.740 loading class sun/reflect/generics/reflectiveObjects/ParameterizedTypeImpl done
Event: 1.802 loading class jdk/internal/misc/ScopedMemoryAccess$Scope
Event: 1.802 loading class jdk/internal/misc/ScopedMemoryAccess$Scope done
Event: 1.832 loading class java/lang/ArrayIndexOutOfBoundsException
Event: 1.832 loading class java/lang/ArrayIndexOutOfBoundsException done


Dynamic libraries:
0x00007ff738a20000 - 0x00007ff738a30000 	C:\jdk-17.0.12\bin\javaw.exe
0x00007ffd68ff0000 - 0x00007ffd691e8000 	C:\Windows\SYSTEM32\ntdll.dll
0x00007ffd67010000 - 0x00007ffd670d2000 	C:\Windows\System32\KERNEL32.DLL
0x00007ffd66bb0000 - 0x00007ffd66eae000 	C:\Windows\System32\KERNELBASE.dll
0x00007ffd66ab0000 - 0x00007ffd66bb0000 	C:\Windows\System32\ucrtbase.dll
0x00007ffd4e8f0000 - 0x00007ffd4e909000 	C:\jdk-17.0.12\bin\jli.dll
0x00007ffd68b50000 - 0x00007ffd68c01000 	C:\Windows\System32\ADVAPI32.dll
0x00007ffd68e40000 - 0x00007ffd68ede000 	C:\Windows\System32\msvcrt.dll
0x00007ffd68360000 - 0x00007ffd683ff000 	C:\Windows\System32\sechost.dll
0x00007ffd68420000 - 0x00007ffd68543000 	C:\Windows\System32\RPCRT4.dll
0x00007ffd66690000 - 0x00007ffd666b7000 	C:\Windows\System32\bcrypt.dll
0x00007ffd68950000 - 0x00007ffd68aed000 	C:\Windows\System32\USER32.dll
0x00007ffd66730000 - 0x00007ffd66752000 	C:\Windows\System32\win32u.dll
0x00007ffd67140000 - 0x00007ffd6716b000 	C:\Windows\System32\GDI32.dll
0x00007ffd66760000 - 0x00007ffd66877000 	C:\Windows\System32\gdi32full.dll
0x00007ffd66980000 - 0x00007ffd66a1d000 	C:\Windows\System32\msvcp_win.dll
0x00007ffd4e8d0000 - 0x00007ffd4e8eb000 	C:\jdk-17.0.12\bin\VCRUNTIME140.dll
0x00007ffd4d370000 - 0x00007ffd4d60a000 	C:\Windows\WinSxS\amd64_microsoft.windows.common-controls_6595b64144ccf1df_6.0.19041.4355_none_60b8b9eb71f62e16\COMCTL32.dll
0x00007ffd5d410000 - 0x00007ffd5d41a000 	C:\Windows\SYSTEM32\VERSION.dll
0x00007ffd67a70000 - 0x00007ffd67a9f000 	C:\Windows\System32\IMM32.DLL
0x00007ffd5f230000 - 0x00007ffd5f23c000 	C:\jdk-17.0.12\bin\vcruntime140_1.dll
0x00007ffd47820000 - 0x00007ffd478ae000 	C:\jdk-17.0.12\bin\msvcp140.dll
0x00007ffd20d30000 - 0x00007ffd21910000 	C:\jdk-17.0.12\bin\server\jvm.dll
0x00007ffd68940000 - 0x00007ffd68948000 	C:\Windows\System32\PSAPI.DLL
0x00007ffd55170000 - 0x00007ffd55179000 	C:\Windows\SYSTEM32\WSOCK32.dll
0x00007ffd682f0000 - 0x00007ffd6835b000 	C:\Windows\System32\WS2_32.dll
0x00007ffd4ccb0000 - 0x00007ffd4ccd7000 	C:\Windows\SYSTEM32\WINMM.dll
0x00007ffd644f0000 - 0x00007ffd64502000 	C:\Windows\SYSTEM32\kernel.appcore.dll
0x00007ffd53630000 - 0x00007ffd5363a000 	C:\jdk-17.0.12\bin\jimage.dll
0x00007ffd5ec60000 - 0x00007ffd5ee44000 	C:\Windows\SYSTEM32\DBGHELP.DLL
0x00007ffd5ec20000 - 0x00007ffd5ec54000 	C:\Windows\SYSTEM32\dbgcore.DLL
0x00007ffd66a20000 - 0x00007ffd66aa2000 	C:\Windows\System32\bcryptPrimitives.dll
0x00007ffd4d8e0000 - 0x00007ffd4d905000 	C:\jdk-17.0.12\bin\java.dll
0x00007ffd3feb0000 - 0x00007ffd3ff87000 	C:\jdk-17.0.12\bin\jsvml.dll
0x00007ffd67b80000 - 0x00007ffd682ed000 	C:\Windows\System32\SHELL32.dll
0x00007ffd646f0000 - 0x00007ffd64e94000 	C:\Windows\SYSTEM32\windows.storage.dll
0x00007ffd68550000 - 0x00007ffd688a3000 	C:\Windows\System32\combase.dll
0x00007ffd65f10000 - 0x00007ffd65f3e000 	C:\Windows\SYSTEM32\Wldp.dll
0x00007ffd67350000 - 0x00007ffd6741d000 	C:\Windows\System32\OLEAUT32.dll
0x00007ffd68ee0000 - 0x00007ffd68f8d000 	C:\Windows\System32\SHCORE.dll
0x00007ffd67420000 - 0x00007ffd67475000 	C:\Windows\System32\shlwapi.dll
0x00007ffd665c0000 - 0x00007ffd665e4000 	C:\Windows\SYSTEM32\profapi.dll
0x00007ffd4e8b0000 - 0x00007ffd4e8c9000 	C:\jdk-17.0.12\bin\net.dll
0x00007ffd5d5e0000 - 0x00007ffd5d6ed000 	C:\Windows\SYSTEM32\WINHTTP.dll
0x00007ffd65cf0000 - 0x00007ffd65d5a000 	C:\Windows\system32\mswsock.dll
0x00007ffd4d840000 - 0x00007ffd4d856000 	C:\jdk-17.0.12\bin\nio.dll
0x00007ffd4d710000 - 0x00007ffd4d728000 	C:\jdk-17.0.12\bin\zip.dll
0x00007ffd47520000 - 0x00007ffd47544000 	C:\Users\tusharshindetms\AppData\Local\Temp\jansi-2.4.1-a0b80762d7d0b125-jansi.dll

dbghelp: loaded successfully - version: 4.0.5 - missing functions: none
symbol engine: initialized successfully - sym options: 0x614 - pdb path: .;C:\jdk-17.0.12\bin;C:\Windows\SYSTEM32;C:\Windows\WinSxS\amd64_microsoft.windows.common-controls_6595b64144ccf1df_6.0.19041.4355_none_60b8b9eb71f62e16;C:\jdk-17.0.12\bin\server;C:\Users\tusharshindetms\AppData\Local\Temp

VM Arguments:
jvm_args: -Dmaven.home=EMBEDDED -Dclassworlds.conf=C:\Users\tusharshindetms\eclipse-workspace\.metadata\.plugins\org.eclipse.m2e.launching\launches\m2conf17364500637227801132.tmp -Dmaven.multiModuleProjectDirectory=C:\Users\tusharshindetms\Downloads\synechron_pune_microservice1-master\synechron_pune_microservice1-master\syneproducer -Dm2e.build.project.data.socket.port=54621 -Dfile.encoding=UTF-8 -Dstdout.encoding=UTF-8 -Dstderr.encoding=UTF-8 -XX:+ShowCodeDetailsInExceptionMessages 
java_command: org.codehaus.plexus.classworlds.launcher.Launcher -B -Dstyle.color=always install
java_class_path (initial): C:\Users\tusharshindetms\.p2\pool\plugins\org.eclipse.m2e.maven.runtime_3.9.900.20240824-1409\jars\plexus-classworlds-2.8.0.jar
Launcher Type: SUN_STANDARD

[Global flags]
     intx CICompilerCount                          = 2                                         {product} {ergonomic}
     uint ConcGCThreads                            = 1                                         {product} {ergonomic}
     uint G1ConcRefinementThreads                  = 2                                         {product} {ergonomic}
   size_t G1HeapRegionSize                         = 1048576                                   {product} {ergonomic}
    uintx GCDrainStackTargetSize                   = 64                                        {product} {ergonomic}
   size_t InitialHeapSize                          = 134217728                                 {product} {ergonomic}
   size_t MarkStackSize                            = 4194304                                   {product} {ergonomic}
   size_t MaxHeapSize                              = 2147483648                                {product} {ergonomic}
   size_t MaxNewSize                               = 1287651328                                {product} {ergonomic}
   size_t MinHeapDeltaBytes                        = 1048576                                   {product} {ergonomic}
   size_t MinHeapSize                              = 8388608                                   {product} {ergonomic}
    uintx NonNMethodCodeHeapSize                   = 5826188                                {pd product} {ergonomic}
    uintx NonProfiledCodeHeapSize                  = 122916026                              {pd product} {ergonomic}
    uintx ProfiledCodeHeapSize                     = 122916026                              {pd product} {ergonomic}
    uintx ReservedCodeCacheSize                    = 251658240                              {pd product} {ergonomic}
     bool SegmentedCodeCache                       = true                                      {product} {ergonomic}
     bool ShowCodeDetailsInExceptionMessages       = true                                   {manageable} {command line}
   size_t SoftMaxHeapSize                          = 2147483648                             {manageable} {ergonomic}
     bool UseCompressedClassPointers               = true                           {product lp64_product} {ergonomic}
     bool UseCompressedOops                        = true                           {product lp64_product} {ergonomic}
     bool UseG1GC                                  = true                                      {product} {ergonomic}
     bool UseLargePagesIndividualAllocation        = false                                  {pd product} {ergonomic}

Logging:
Log output configuration:
 #0: stdout all=warning uptime,level,tags
 #1: stderr all=off uptime,level,tags

Environment Variables:
JAVA_HOME=C:\jdk-17.0.12\
PATH=C:/Users/tusharshindetms/.p2/pool/plugins/org.eclipse.justj.openjdk.hotspot.jre.full.win32.x86_64_23.0.1.v20241024-1700/jre/bin/server;C:/Users/tusharshindetms/.p2/pool/plugins/org.eclipse.justj.openjdk.hotspot.jre.full.win32.x86_64_23.0.1.v20241024-1700/jre/bin;C:\Windows\system32;C:\Windows;C:\Windows\System32\Wbem;C:\Windows\System32\WindowsPowerShell\v1.0\;C:\Windows\System32\OpenSSH\;C:\Program Files\Docker\Docker\resources\bin;C:\jdk-17.0.12\\bin;"C:\jdk-17.0.12\\jre\lib;";C:\Users\tusharshindetms\AppData\Local\Microsoft\WindowsApps;;C:\Users\tusharshindetms\Desktop;
USERNAME=tusharshindetms
OS=Windows_NT
PROCESSOR_IDENTIFIER=Intel64 Family 6 Model 106 Stepping 6, GenuineIntel



---------------  S Y S T E M  ---------------

OS:
 Windows 10 , 64 bit Build 19041 (10.0.19041.5198)
OS uptime: 0 days 2:08 hours
Hyper-V role detected

CPU: total 2 (initial active 2) (1 cores per cpu, 2 threads per core) family 6 model 106 stepping 6 microcode 0xffffffff, cx8, cmov, fxsr, ht, mmx, 3dnowpref, sse, sse2, sse3, ssse3, sse4.1, sse4.2, popcnt, lzcnt, tsc, avx, avx2, aes, erms, clmul, bmi1, bmi2, rtm, adx, avx512f, avx512dq, avx512cd, avx512bw, avx512vl, fma, vzeroupper, clflush, clflushopt, hv

Memory: 4k page, system-wide physical 8190M (407M free)
TotalPageFile size 10238M (AvailPageFile size 3M)
current process WorkingSet (physical memory assigned to process): 68M, peak: 68M
current process commit charge ("private bytes"): 214M, peak: 214M

vm_info: Java HotSpot(TM) 64-Bit Server VM (17.0.12+8-LTS-286) for windows-amd64 JRE (17.0.12+8-LTS-286), built on Jun  5 2024 06:46:59 by "mach5one" with MS VC++ 17.6 (VS2022)

END.
